2024-04-21 00:56:58,908, INFO, 1. Write a Python program to convert kilometers to miles?
2024-04-21 00:57:03,572, INFO, Kilometer is 89
2024-04-21 00:57:03,572, INFO, Converting kilometer: 89 into miles is 55.302
2024-04-21 00:57:23,889, INFO, 2. Write a Python program to convert Celsius to Fahrenheit?
2024-04-21 00:57:26,872, INFO, Celsius is 42.0°C
2024-04-21 00:57:26,872, INFO, Converting Celsius: 42.0°C into Fahrenheit: 107.60°F
2024-04-21 00:59:19,171, INFO, 3. Write a Python program to display calendar?
2024-04-21 00:59:26,781, INFO, Enter Year: 1990, Enter Month: 4
2024-04-21 00:59:26,781, INFO,      April 1990
Mo Tu We Th Fr Sa Su
                   1
 2  3  4  5  6  7  8
 9 10 11 12 13 14 15
16 17 18 19 20 21 22
23 24 25 26 27 28 29
30

2024-04-21 00:59:26,784, INFO, Todays Date: 2024-04-21
2024-04-21 00:59:57,771, INFO, 4. Write a Python program to solve quadratic equation?
2024-04-21 01:00:11,781, INFO, Quadratic Equcation: 12x**2 + -23*x + 11=0, are:
2024-04-21 01:00:11,782, INFO, Types of Root: Two Distinct Real Roots
2024-04-21 01:00:11,782, INFO, The Solution is: ((0.9166666666666666+0j), (1+0j))
2024-04-21 01:00:11,782, INFO, Pluging the value of solutions into Quadratic Equcation
2024-04-21 01:00:11,782, INFO, Replacing 'x' with solution we got
2024-04-21 01:00:11,782, INFO, If we get 0 then we got right solution
2024-04-21 01:00:11,782, INFO, Solution1:0.0 and Solution:0.0, We got the right solution
2024-04-21 01:00:42,324, INFO, 5. Write a Python program to swap two variables without temp variable?
2024-04-21 01:00:53,840, INFO, The value of a: 45, and b: 178
2024-04-21 01:00:53,840, INFO, After SWAP value of a: 178, and b: 45
